<?xml version="1.0" encoding="UTF-8"?>
<!-- Generated by org.testng.reporters.JUnitReportReporter -->
<testsuite hostname="Abhijith" failures="0" tests="1" name="demo.Sample" time="21.993" errors="0" timestamp="2024-01-23T16:11:24 IST" skipped="0">
  <testcase classname="demo.Sample" name="run" time="21.993">
    <system-out>
      <![CDATA[Test case is running]]>
    </system-out>
  </testcase> <!-- run -->
  <system-out>
    <![CDATA[Browser launched and Url is entered
Test case is running]]>
  </system-out>
</testsuite> <!-- demo.Sample -->
